22:13:14 **** Incremental Build of configuration Debug for project 06_uart_cubemx ****
make -j16 all 
arm-none-eabi-size   06_uart_cubemx.elf 
   text	   data	    bss	    dec	    hex	filename
  20772	    216	   2632	  23620	   5c44	06_uart_cubemx.elf
Finished building: default.size.stdout
 
22:13:18 **** Incremental Build of configuration Debug for project 06_uart_cubemx ****
make -j16 all 
arm-none-eabi-size   06_uart_cubemx.elf 
   text	   data	    bss	    dec	    hex	filename
  20772	    216	   2632	  23620	   5c44	06_uart_cubemx.elf
Finished building: default.size.stdout
 
22:34:29 **** Incremental Build of configuration Debug for project 06_uart_cubemx ****
make -j16 all 
arm-none-eabi-gcc "../src/bsp/bsp.c" -mcpu=cortex-m4 -std=gnu11 -g3 -DSTM32F407xx -c -I"D:/git/stm32f407vgt6/stm32f407vgt6_fw/06_uart_cubemx/src/lib/stm32f407vgt6_cube/Drivers/CMSIS/Device/ST/STM32F4xx/Include" -I"D:/git/stm32f407vgt6/stm32f407vgt6_fw/06_uart_cubemx/src/lib/stm32f407vgt6_cube/Drivers/CMSIS/Include" -I"D:/git/stm32f407vgt6/stm32f407vgt6_fw/06_uart_cubemx/src" -I"D:/git/stm32f407vgt6/stm32f407vgt6_fw/06_uart_cubemx/src/lib/stm32f407vgt6_cube/Drivers/STM32F4xx_HAL_Driver/Inc" -I"D:/git/stm32f407vgt6/stm32f407vgt6_fw/06_uart_cubemx/src/ap" -I"D:/git/stm32f407vgt6/stm32f407vgt6_fw/06_uart_cubemx/src/bsp" -I"D:/git/stm32f407vgt6/stm32f407vgt6_fw/06_uart_cubemx/src/common" -I"D:/git/stm32f407vgt6/stm32f407vgt6_fw/06_uart_cubemx/src/hw" -I"D:/git/stm32f407vgt6/stm32f407vgt6_fw/06_uart_cubemx/src/bsp/ldscript" -I"D:/git/stm32f407vgt6/stm32f407vgt6_fw/06_uart_cubemx/src/bsp/startup" -I"D:/git/stm32f407vgt6/stm32f407vgt6_fw/06_uart_cubemx/src/common/include" -I"D:/git/stm32f407vgt6/stm32f407vgt6_fw/06_uart_cubemx/src/common/core" -O0 -ffunction-sections -fdata-sections -Wall -fstack-usage -fcyclomatic-complexity -MMD -MP -MF"src/bsp/bsp.d" -MT"src/bsp/bsp.o" --specs=nano.specs -mfloat-abi=soft -mthumb -o "src/bsp/bsp.o"
arm-none-eabi-gcc -o "06_uart_cubemx.elf" @"objects.list"   -mcpu=cortex-m4 -T"D:\git\stm32f407vgt6\stm32f407vgt6_fw\06_uart_cubemx\src\bsp\ldscript\STM32F407VGTX_FLASH.ld" --specs=nosys.specs -Wl,-Map="06_uart_cubemx.map" -Wl,--gc-sections -static --specs=nano.specs -mfloat-abi=soft -mthumb -Wl,--start-group -lc -lm -Wl,--end-group
Finished building target: 06_uart_cubemx.elf
 
arm-none-eabi-size   06_uart_cubemx.elf 
arm-none-eabi-objdump -h -S  06_uart_cubemx.elf  > "06_uart_cubemx.list"
arm-none-eabi-objcopy  -O ihex  06_uart_cubemx.elf  "06_uart_cubemx.hex"
   text	   data	    bss	    dec	    hex	filename
  20868	    216	   2632	  23716	   5ca4	06_uart_cubemx.elf
arm-none-eabi-objcopy  -O binary  06_uart_cubemx.elf  "06_uart_cubemx.bin"
Finished building: default.size.stdout
 
Finished building: 06_uart_cubemx.hex
Finished building: 06_uart_cubemx.bin
 
 
Finished building: 06_uart_cubemx.list
 
22:34:32 **** Incremental Build of configuration Debug for project 06_uart_cubemx ****
make -j16 all 
arm-none-eabi-size   06_uart_cubemx.elf 
   text	   data	    bss	    dec	    hex	filename
  20868	    216	   2632	  23716	   5ca4	06_uart_cubemx.elf
Finished building: default.size.stdout
 
22:35:40 **** Incremental Build of configuration Debug for project 06_uart_cubemx ****
make -j16 all 
arm-none-eabi-gcc -o "06_uart_cubemx.elf" @"objects.list"   -mcpu=cortex-m4 -T"D:\git\stm32f407vgt6\stm32f407vgt6_fw\06_uart_cubemx\src\bsp\ldscript\STM32F407VGTX_FLASH.ld" --specs=nosys.specs -Wl,-Map="06_uart_cubemx.map" -Wl,--gc-sections -static --specs=nano.specs -mfloat-abi=soft -mthumb -Wl,--start-group -lc -lm -Wl,--end-group
Finished building target: 06_uart_cubemx.elf
 
arm-none-eabi-size   06_uart_cubemx.elf 
arm-none-eabi-objdump -h -S  06_uart_cubemx.elf  > "06_uart_cubemx.list"
arm-none-eabi-objcopy  -O ihex  06_uart_cubemx.elf  "06_uart_cubemx.hex"
   text	   data	    bss	    dec	    hex	filename
  20868	    216	   2632	  23716	   5ca4	06_uart_cubemx.elf
arm-none-eabi-objcopy  -O binary  06_uart_cubemx.elf  "06_uart_cubemx.bin"
Finished building: default.size.stdout
 
Finished building: 06_uart_cubemx.hex
Finished building: 06_uart_cubemx.bin
 
 
Finished building: 06_uart_cubemx.list
 
22:35:43 **** Incremental Build of configuration Debug for project 06_uart_cubemx ****
make -j16 all 
arm-none-eabi-size   06_uart_cubemx.elf 
   text	   data	    bss	    dec	    hex	filename
  20868	    216	   2632	  23716	   5ca4	06_uart_cubemx.elf
Finished building: default.size.stdout
 
22:40:50 **** Incremental Build of configuration Debug for project 06_uart_cubemx ****
make -j16 all 
arm-none-eabi-gcc "../src/hw/core/uart.c" -mcpu=cortex-m4 -std=gnu11 -g3 -DSTM32F407xx -c -I"D:/git/stm32f407vgt6/stm32f407vgt6_fw/06_uart_cubemx/src/lib/stm32f407vgt6_cube/Drivers/CMSIS/Device/ST/STM32F4xx/Include" -I"D:/git/stm32f407vgt6/stm32f407vgt6_fw/06_uart_cubemx/src/lib/stm32f407vgt6_cube/Drivers/CMSIS/Include" -I"D:/git/stm32f407vgt6/stm32f407vgt6_fw/06_uart_cubemx/src" -I"D:/git/stm32f407vgt6/stm32f407vgt6_fw/06_uart_cubemx/src/lib/stm32f407vgt6_cube/Drivers/STM32F4xx_HAL_Driver/Inc" -I"D:/git/stm32f407vgt6/stm32f407vgt6_fw/06_uart_cubemx/src/ap" -I"D:/git/stm32f407vgt6/stm32f407vgt6_fw/06_uart_cubemx/src/bsp" -I"D:/git/stm32f407vgt6/stm32f407vgt6_fw/06_uart_cubemx/src/common" -I"D:/git/stm32f407vgt6/stm32f407vgt6_fw/06_uart_cubemx/src/hw" -I"D:/git/stm32f407vgt6/stm32f407vgt6_fw/06_uart_cubemx/src/bsp/ldscript" -I"D:/git/stm32f407vgt6/stm32f407vgt6_fw/06_uart_cubemx/src/bsp/startup" -I"D:/git/stm32f407vgt6/stm32f407vgt6_fw/06_uart_cubemx/src/common/include" -I"D:/git/stm32f407vgt6/stm32f407vgt6_fw/06_uart_cubemx/src/common/core" -O0 -ffunction-sections -fdata-sections -Wall -fstack-usage -fcyclomatic-complexity -MMD -MP -MF"src/hw/core/uart.d" -MT"src/hw/core/uart.o" --specs=nano.specs -mfloat-abi=soft -mthumb -o "src/hw/core/uart.o"
arm-none-eabi-gcc -o "06_uart_cubemx.elf" @"objects.list"   -mcpu=cortex-m4 -T"D:\git\stm32f407vgt6\stm32f407vgt6_fw\06_uart_cubemx\src\bsp\ldscript\STM32F407VGTX_FLASH.ld" --specs=nosys.specs -Wl,-Map="06_uart_cubemx.map" -Wl,--gc-sections -static --specs=nano.specs -mfloat-abi=soft -mthumb -Wl,--start-group -lc -lm -Wl,--end-group
Finished building target: 06_uart_cubemx.elf
 
arm-none-eabi-size   06_uart_cubemx.elf 
arm-none-eabi-objdump -h -S  06_uart_cubemx.elf  > "06_uart_cubemx.list"
arm-none-eabi-objcopy  -O ihex  06_uart_cubemx.elf  "06_uart_cubemx.hex"
   text	   data	    bss	    dec	    hex	filename
  20864	    216	   2632	  23712	   5ca0	06_uart_cubemx.elf
arm-none-eabi-objcopy  -O binary  06_uart_cubemx.elf  "06_uart_cubemx.bin"
Finished building: default.size.stdout
 
Finished building: 06_uart_cubemx.hex
Finished building: 06_uart_cubemx.bin
 
 
Finished building: 06_uart_cubemx.list
 
22:40:59 **** Incremental Build of configuration Debug for project 06_uart_cubemx ****
make -j16 all 
arm-none-eabi-size   06_uart_cubemx.elf 
   text	   data	    bss	    dec	    hex	filename
  20864	    216	   2632	  23712	   5ca0	06_uart_cubemx.elf
Finished building: default.size.stdout
 
22:41:01 **** Incremental Build of configuration Debug for project 06_uart_cubemx ****
make -j16 all 
arm-none-eabi-size   06_uart_cubemx.elf 
   text	   data	    bss	    dec	    hex	filename
  20864	    216	   2632	  23712	   5ca0	06_uart_cubemx.elf
Finished building: default.size.stdout
 
22:41:28 **** Incremental Build of configuration Debug for project 06_uart_cubemx ****
make -j16 all 
arm-none-eabi-size   06_uart_cubemx.elf 
   text	   data	    bss	    dec	    hex	filename
  20864	    216	   2632	  23712	   5ca0	06_uart_cubemx.elf
Finished building: default.size.stdout
 
22:42:11 **** Incremental Build of configuration Debug for project 06_uart_cubemx ****
make -j16 all 
arm-none-eabi-size   06_uart_cubemx.elf 
   text	   data	    bss	    dec	    hex	filename
  20864	    216	   2632	  23712	   5ca0	06_uart_cubemx.elf
Finished building: default.size.stdout
 
22:50:47 **** Incremental Build of configuration Debug for project 06_uart_cubemx ****
make -j16 all 
arm-none-eabi-gcc "../src/hw/core/uart.c" -mcpu=cortex-m4 -std=gnu11 -g3 -DSTM32F407xx -c -I"D:/git/stm32f407vgt6/stm32f407vgt6_fw/06_uart_cubemx/src/lib/stm32f407vgt6_cube/Drivers/CMSIS/Device/ST/STM32F4xx/Include" -I"D:/git/stm32f407vgt6/stm32f407vgt6_fw/06_uart_cubemx/src/lib/stm32f407vgt6_cube/Drivers/CMSIS/Include" -I"D:/git/stm32f407vgt6/stm32f407vgt6_fw/06_uart_cubemx/src" -I"D:/git/stm32f407vgt6/stm32f407vgt6_fw/06_uart_cubemx/src/lib/stm32f407vgt6_cube/Drivers/STM32F4xx_HAL_Driver/Inc" -I"D:/git/stm32f407vgt6/stm32f407vgt6_fw/06_uart_cubemx/src/ap" -I"D:/git/stm32f407vgt6/stm32f407vgt6_fw/06_uart_cubemx/src/bsp" -I"D:/git/stm32f407vgt6/stm32f407vgt6_fw/06_uart_cubemx/src/common" -I"D:/git/stm32f407vgt6/stm32f407vgt6_fw/06_uart_cubemx/src/hw" -I"D:/git/stm32f407vgt6/stm32f407vgt6_fw/06_uart_cubemx/src/bsp/ldscript" -I"D:/git/stm32f407vgt6/stm32f407vgt6_fw/06_uart_cubemx/src/bsp/startup" -I"D:/git/stm32f407vgt6/stm32f407vgt6_fw/06_uart_cubemx/src/common/include" -I"D:/git/stm32f407vgt6/stm32f407vgt6_fw/06_uart_cubemx/src/common/core" -O0 -ffunction-sections -fdata-sections -Wall -fstack-usage -fcyclomatic-complexity -MMD -MP -MF"src/hw/core/uart.d" -MT"src/hw/core/uart.o" --specs=nano.specs -mfloat-abi=soft -mthumb -o "src/hw/core/uart.o"
arm-none-eabi-gcc -o "06_uart_cubemx.elf" @"objects.list"   -mcpu=cortex-m4 -T"D:\git\stm32f407vgt6\stm32f407vgt6_fw\06_uart_cubemx\src\bsp\ldscript\STM32F407VGTX_FLASH.ld" --specs=nosys.specs -Wl,-Map="06_uart_cubemx.map" -Wl,--gc-sections -static --specs=nano.specs -mfloat-abi=soft -mthumb -Wl,--start-group -lc -lm -Wl,--end-group
Finished building target: 06_uart_cubemx.elf
 
arm-none-eabi-size   06_uart_cubemx.elf 
arm-none-eabi-objdump -h -S  06_uart_cubemx.elf  > "06_uart_cubemx.list"
arm-none-eabi-objcopy  -O ihex  06_uart_cubemx.elf  "06_uart_cubemx.hex"
   text	   data	    bss	    dec	    hex	filename
  20900	    216	   2648	  23764	   5cd4	06_uart_cubemx.elf
arm-none-eabi-objcopy  -O binary  06_uart_cubemx.elf  "06_uart_cubemx.bin"
Finished building: default.size.stdout
 
Finished building: 06_uart_cubemx.hex
Finished building: 06_uart_cubemx.bin
 
 
Finished building: 06_uart_cubemx.list
 
22:50:54 **** Incremental Build of configuration Debug for project 06_uart_cubemx ****
make -j16 all 
arm-none-eabi-size   06_uart_cubemx.elf 
   text	   data	    bss	    dec	    hex	filename
  20900	    216	   2648	  23764	   5cd4	06_uart_cubemx.elf
Finished building: default.size.stdout
 
22:50:57 **** Incremental Build of configuration Debug for project 06_uart_cubemx ****
make -j16 all 
arm-none-eabi-size   06_uart_cubemx.elf 
   text	   data	    bss	    dec	    hex	filename
  20900	    216	   2648	  23764	   5cd4	06_uart_cubemx.elf
Finished building: default.size.stdout
 
23:03:54 **** Incremental Build of configuration Debug for project 06_uart_cubemx ****
make -j16 all 
arm-none-eabi-gcc "../src/hw/core/uart.c" -mcpu=cortex-m4 -std=gnu11 -g3 -DSTM32F407xx -c -I"D:/git/stm32f407vgt6/stm32f407vgt6_fw/06_uart_cubemx/src/lib/stm32f407vgt6_cube/Drivers/CMSIS/Device/ST/STM32F4xx/Include" -I"D:/git/stm32f407vgt6/stm32f407vgt6_fw/06_uart_cubemx/src/lib/stm32f407vgt6_cube/Drivers/CMSIS/Include" -I"D:/git/stm32f407vgt6/stm32f407vgt6_fw/06_uart_cubemx/src" -I"D:/git/stm32f407vgt6/stm32f407vgt6_fw/06_uart_cubemx/src/lib/stm32f407vgt6_cube/Drivers/STM32F4xx_HAL_Driver/Inc" -I"D:/git/stm32f407vgt6/stm32f407vgt6_fw/06_uart_cubemx/src/ap" -I"D:/git/stm32f407vgt6/stm32f407vgt6_fw/06_uart_cubemx/src/bsp" -I"D:/git/stm32f407vgt6/stm32f407vgt6_fw/06_uart_cubemx/src/common" -I"D:/git/stm32f407vgt6/stm32f407vgt6_fw/06_uart_cubemx/src/hw" -I"D:/git/stm32f407vgt6/stm32f407vgt6_fw/06_uart_cubemx/src/bsp/ldscript" -I"D:/git/stm32f407vgt6/stm32f407vgt6_fw/06_uart_cubemx/src/bsp/startup" -I"D:/git/stm32f407vgt6/stm32f407vgt6_fw/06_uart_cubemx/src/common/include" -I"D:/git/stm32f407vgt6/stm32f407vgt6_fw/06_uart_cubemx/src/common/core" -O0 -ffunction-sections -fdata-sections -Wall -fstack-usage -fcyclomatic-complexity -MMD -MP -MF"src/hw/core/uart.d" -MT"src/hw/core/uart.o" --specs=nano.specs -mfloat-abi=soft -mthumb -o "src/hw/core/uart.o"
arm-none-eabi-gcc -o "06_uart_cubemx.elf" @"objects.list"   -mcpu=cortex-m4 -T"D:\git\stm32f407vgt6\stm32f407vgt6_fw\06_uart_cubemx\src\bsp\ldscript\STM32F407VGTX_FLASH.ld" --specs=nosys.specs -Wl,-Map="06_uart_cubemx.map" -Wl,--gc-sections -static --specs=nano.specs -mfloat-abi=soft -mthumb -Wl,--start-group -lc -lm -Wl,--end-group
Finished building target: 06_uart_cubemx.elf
 
arm-none-eabi-size   06_uart_cubemx.elf 
arm-none-eabi-objdump -h -S  06_uart_cubemx.elf  > "06_uart_cubemx.list"
arm-none-eabi-objcopy  -O ihex  06_uart_cubemx.elf  "06_uart_cubemx.hex"
arm-none-eabi-objcopy  -O binary  06_uart_cubemx.elf  "06_uart_cubemx.bin"
   text	   data	    bss	    dec	    hex	filename
  20920	    216	   2648	  23784	   5ce8	06_uart_cubemx.elf
Finished building: default.size.stdout
 
Finished building: 06_uart_cubemx.hex
Finished building: 06_uart_cubemx.bin
 
 
Finished building: 06_uart_cubemx.list
 
23:03:59 **** Incremental Build of configuration Debug for project 06_uart_cubemx ****
make -j16 all 
arm-none-eabi-size   06_uart_cubemx.elf 
   text	   data	    bss	    dec	    hex	filename
  20920	    216	   2648	  23784	   5ce8	06_uart_cubemx.elf
Finished building: default.size.stdout
 
23:12:12 **** Incremental Build of configuration Debug for project 06_uart_cubemx ****
make -j16 all 
arm-none-eabi-gcc "../src/hw/core/uart.c" -mcpu=cortex-m4 -std=gnu11 -g3 -DSTM32F407xx -c -I"D:/git/stm32f407vgt6/stm32f407vgt6_fw/06_uart_cubemx/src/lib/stm32f407vgt6_cube/Drivers/CMSIS/Device/ST/STM32F4xx/Include" -I"D:/git/stm32f407vgt6/stm32f407vgt6_fw/06_uart_cubemx/src/lib/stm32f407vgt6_cube/Drivers/CMSIS/Include" -I"D:/git/stm32f407vgt6/stm32f407vgt6_fw/06_uart_cubemx/src" -I"D:/git/stm32f407vgt6/stm32f407vgt6_fw/06_uart_cubemx/src/lib/stm32f407vgt6_cube/Drivers/STM32F4xx_HAL_Driver/Inc" -I"D:/git/stm32f407vgt6/stm32f407vgt6_fw/06_uart_cubemx/src/ap" -I"D:/git/stm32f407vgt6/stm32f407vgt6_fw/06_uart_cubemx/src/bsp" -I"D:/git/stm32f407vgt6/stm32f407vgt6_fw/06_uart_cubemx/src/common" -I"D:/git/stm32f407vgt6/stm32f407vgt6_fw/06_uart_cubemx/src/hw" -I"D:/git/stm32f407vgt6/stm32f407vgt6_fw/06_uart_cubemx/src/bsp/ldscript" -I"D:/git/stm32f407vgt6/stm32f407vgt6_fw/06_uart_cubemx/src/bsp/startup" -I"D:/git/stm32f407vgt6/stm32f407vgt6_fw/06_uart_cubemx/src/common/include" -I"D:/git/stm32f407vgt6/stm32f407vgt6_fw/06_uart_cubemx/src/common/core" -O0 -ffunction-sections -fdata-sections -Wall -fstack-usage -fcyclomatic-complexity -MMD -MP -MF"src/hw/core/uart.d" -MT"src/hw/core/uart.o" --specs=nano.specs -mfloat-abi=soft -mthumb -o "src/hw/core/uart.o"
arm-none-eabi-gcc -o "06_uart_cubemx.elf" @"objects.list"   -mcpu=cortex-m4 -T"D:\git\stm32f407vgt6\stm32f407vgt6_fw\06_uart_cubemx\src\bsp\ldscript\STM32F407VGTX_FLASH.ld" --specs=nosys.specs -Wl,-Map="06_uart_cubemx.map" -Wl,--gc-sections -static --specs=nano.specs -mfloat-abi=soft -mthumb -Wl,--start-group -lc -lm -Wl,--end-group
Finished building target: 06_uart_cubemx.elf
 
arm-none-eabi-size   06_uart_cubemx.elf 
arm-none-eabi-objdump -h -S  06_uart_cubemx.elf  > "06_uart_cubemx.list"
arm-none-eabi-objcopy  -O ihex  06_uart_cubemx.elf  "06_uart_cubemx.hex"
   text	   data	    bss	    dec	    hex	filename
  19956	    216	   2648	  22820	   5924	06_uart_cubemx.elf
arm-none-eabi-objcopy  -O binary  06_uart_cubemx.elf  "06_uart_cubemx.bin"
Finished building: default.size.stdout
 
Finished building: 06_uart_cubemx.hex
Finished building: 06_uart_cubemx.bin
 
 
Finished building: 06_uart_cubemx.list
 
23:12:55 **** Incremental Build of configuration Debug for project 06_uart_cubemx ****
make -j16 all 
arm-none-eabi-gcc "../src/hw/core/uart.c" -mcpu=cortex-m4 -std=gnu11 -g3 -DSTM32F407xx -c -I"D:/git/stm32f407vgt6/stm32f407vgt6_fw/06_uart_cubemx/src/lib/stm32f407vgt6_cube/Drivers/CMSIS/Device/ST/STM32F4xx/Include" -I"D:/git/stm32f407vgt6/stm32f407vgt6_fw/06_uart_cubemx/src/lib/stm32f407vgt6_cube/Drivers/CMSIS/Include" -I"D:/git/stm32f407vgt6/stm32f407vgt6_fw/06_uart_cubemx/src" -I"D:/git/stm32f407vgt6/stm32f407vgt6_fw/06_uart_cubemx/src/lib/stm32f407vgt6_cube/Drivers/STM32F4xx_HAL_Driver/Inc" -I"D:/git/stm32f407vgt6/stm32f407vgt6_fw/06_uart_cubemx/src/ap" -I"D:/git/stm32f407vgt6/stm32f407vgt6_fw/06_uart_cubemx/src/bsp" -I"D:/git/stm32f407vgt6/stm32f407vgt6_fw/06_uart_cubemx/src/common" -I"D:/git/stm32f407vgt6/stm32f407vgt6_fw/06_uart_cubemx/src/hw" -I"D:/git/stm32f407vgt6/stm32f407vgt6_fw/06_uart_cubemx/src/bsp/ldscript" -I"D:/git/stm32f407vgt6/stm32f407vgt6_fw/06_uart_cubemx/src/bsp/startup" -I"D:/git/stm32f407vgt6/stm32f407vgt6_fw/06_uart_cubemx/src/common/include" -I"D:/git/stm32f407vgt6/stm32f407vgt6_fw/06_uart_cubemx/src/common/core" -O0 -ffunction-sections -fdata-sections -Wall -fstack-usage -fcyclomatic-complexity -MMD -MP -MF"src/hw/core/uart.d" -MT"src/hw/core/uart.o" --specs=nano.specs -mfloat-abi=soft -mthumb -o "src/hw/core/uart.o"
arm-none-eabi-gcc -o "06_uart_cubemx.elf" @"objects.list"   -mcpu=cortex-m4 -T"D:\git\stm32f407vgt6\stm32f407vgt6_fw\06_uart_cubemx\src\bsp\ldscript\STM32F407VGTX_FLASH.ld" --specs=nosys.specs -Wl,-Map="06_uart_cubemx.map" -Wl,--gc-sections -static --specs=nano.specs -mfloat-abi=soft -mthumb -Wl,--start-group -lc -lm -Wl,--end-group
Finished building target: 06_uart_cubemx.elf
 
arm-none-eabi-size   06_uart_cubemx.elf 
arm-none-eabi-objdump -h -S  06_uart_cubemx.elf  > "06_uart_cubemx.list"
arm-none-eabi-objcopy  -O ihex  06_uart_cubemx.elf  "06_uart_cubemx.hex"
   text	   data	    bss	    dec	    hex	filename
  19964	    216	   2648	  22828	   592c	06_uart_cubemx.elf
arm-none-eabi-objcopy  -O binary  06_uart_cubemx.elf  "06_uart_cubemx.bin"
Finished building: default.size.stdout
 
Finished building: 06_uart_cubemx.hex
Finished building: 06_uart_cubemx.bin
 
 
Finished building: 06_uart_cubemx.list
 
23:13:00 **** Incremental Build of configuration Debug for project 06_uart_cubemx ****
make -j16 all 
arm-none-eabi-size   06_uart_cubemx.elf 
   text	   data	    bss	    dec	    hex	filename
  19964	    216	   2648	  22828	   592c	06_uart_cubemx.elf
Finished building: default.size.stdout
 
23:14:50 **** Incremental Build of configuration Debug for project 06_uart_cubemx ****
make -j16 all 
arm-none-eabi-gcc "../src/hw/core/uart.c" -mcpu=cortex-m4 -std=gnu11 -g3 -DSTM32F407xx -c -I"D:/git/stm32f407vgt6/stm32f407vgt6_fw/06_uart_cubemx/src/lib/stm32f407vgt6_cube/Drivers/CMSIS/Device/ST/STM32F4xx/Include" -I"D:/git/stm32f407vgt6/stm32f407vgt6_fw/06_uart_cubemx/src/lib/stm32f407vgt6_cube/Drivers/CMSIS/Include" -I"D:/git/stm32f407vgt6/stm32f407vgt6_fw/06_uart_cubemx/src" -I"D:/git/stm32f407vgt6/stm32f407vgt6_fw/06_uart_cubemx/src/lib/stm32f407vgt6_cube/Drivers/STM32F4xx_HAL_Driver/Inc" -I"D:/git/stm32f407vgt6/stm32f407vgt6_fw/06_uart_cubemx/src/ap" -I"D:/git/stm32f407vgt6/stm32f407vgt6_fw/06_uart_cubemx/src/bsp" -I"D:/git/stm32f407vgt6/stm32f407vgt6_fw/06_uart_cubemx/src/common" -I"D:/git/stm32f407vgt6/stm32f407vgt6_fw/06_uart_cubemx/src/hw" -I"D:/git/stm32f407vgt6/stm32f407vgt6_fw/06_uart_cubemx/src/bsp/ldscript" -I"D:/git/stm32f407vgt6/stm32f407vgt6_fw/06_uart_cubemx/src/bsp/startup" -I"D:/git/stm32f407vgt6/stm32f407vgt6_fw/06_uart_cubemx/src/common/include" -I"D:/git/stm32f407vgt6/stm32f407vgt6_fw/06_uart_cubemx/src/common/core" -O0 -ffunction-sections -fdata-sections -Wall -fstack-usage -fcyclomatic-complexity -MMD -MP -MF"src/hw/core/uart.d" -MT"src/hw/core/uart.o" --specs=nano.specs -mfloat-abi=soft -mthumb -o "src/hw/core/uart.o"
../src/hw/core/uart.c: In function 'uartOpen':
../src/hw/core/uart.c:88:41: warning: assignment to 'DMA_Stream_TypeDef *' from incompatible pointer type 'USART_TypeDef *' [-Wincompatible-pointer-types]
   88 |       hdma_usart1_rx.Instance           = USART1;
      |                                         ^
../src/hw/core/uart.c:89:26: error: 'DMA_InitTypeDef' has no member named 'BaudRate'
   89 |       hdma_usart1_rx.Init.BaudRate      = baud;
      |                          ^
../src/hw/core/uart.c:90:26: error: 'DMA_InitTypeDef' has no member named 'WordLength'
   90 |       hdma_usart1_rx.Init.WordLength    = UART_WORDLENGTH_8B;
      |                          ^
../src/hw/core/uart.c:91:26: error: 'DMA_InitTypeDef' has no member named 'StopBits'
   91 |       hdma_usart1_rx.Init.StopBits      = UART_STOPBITS_1;
      |                          ^
../src/hw/core/uart.c:92:27: error: 'DMA_InitTypeDef' has no member named 'Parity'; did you mean 'Priority'?
   92 |       hdma_usart1_rx.Init.Parity        = UART_PARITY_NONE;
      |                           ^~~~~~
      |                           Priority
../src/hw/core/uart.c:94:26: error: 'DMA_InitTypeDef' has no member named 'HwFlowCtl'
   94 |       hdma_usart1_rx.Init.HwFlowCtl     = UART_HWCONTROL_NONE;
      |                          ^
../src/hw/core/uart.c:95:26: error: 'DMA_InitTypeDef' has no member named 'OverSampling'
   95 |       hdma_usart1_rx.Init.OverSampling  = UART_OVERSAMPLING_16;
      |                          ^
make: *** [src/hw/core/subdir.mk:31: src/hw/core/uart.o] Error 1
"make -j16 all" terminated with exit code 2. Build might be incomplete.
23:15:24 **** Incremental Build of configuration Debug for project 06_uart_cubemx ****
make -j16 all 
arm-none-eabi-gcc "../src/hw/core/uart.c" -mcpu=cortex-m4 -std=gnu11 -g3 -DSTM32F407xx -c -I"D:/git/stm32f407vgt6/stm32f407vgt6_fw/06_uart_cubemx/src/lib/stm32f407vgt6_cube/Drivers/CMSIS/Device/ST/STM32F4xx/Include" -I"D:/git/stm32f407vgt6/stm32f407vgt6_fw/06_uart_cubemx/src/lib/stm32f407vgt6_cube/Drivers/CMSIS/Include" -I"D:/git/stm32f407vgt6/stm32f407vgt6_fw/06_uart_cubemx/src" -I"D:/git/stm32f407vgt6/stm32f407vgt6_fw/06_uart_cubemx/src/lib/stm32f407vgt6_cube/Drivers/STM32F4xx_HAL_Driver/Inc" -I"D:/git/stm32f407vgt6/stm32f407vgt6_fw/06_uart_cubemx/src/ap" -I"D:/git/stm32f407vgt6/stm32f407vgt6_fw/06_uart_cubemx/src/bsp" -I"D:/git/stm32f407vgt6/stm32f407vgt6_fw/06_uart_cubemx/src/common" -I"D:/git/stm32f407vgt6/stm32f407vgt6_fw/06_uart_cubemx/src/hw" -I"D:/git/stm32f407vgt6/stm32f407vgt6_fw/06_uart_cubemx/src/bsp/ldscript" -I"D:/git/stm32f407vgt6/stm32f407vgt6_fw/06_uart_cubemx/src/bsp/startup" -I"D:/git/stm32f407vgt6/stm32f407vgt6_fw/06_uart_cubemx/src/common/include" -I"D:/git/stm32f407vgt6/stm32f407vgt6_fw/06_uart_cubemx/src/common/core" -O0 -ffunction-sections -fdata-sections -Wall -fstack-usage -fcyclomatic-complexity -MMD -MP -MF"src/hw/core/uart.d" -MT"src/hw/core/uart.o" --specs=nano.specs -mfloat-abi=soft -mthumb -o "src/hw/core/uart.o"
../src/hw/core/uart.c: In function 'uartOpen':
../src/hw/core/uart.c:88:41: warning: assignment to 'DMA_Stream_TypeDef *' from incompatible pointer type 'USART_TypeDef *' [-Wincompatible-pointer-types]
   88 |       hdma_usart1_rx.Instance           = USART1;
      |                                         ^
../src/hw/core/uart.c:89:26: error: 'DMA_InitTypeDef' has no member named 'BaudRate'
   89 |       hdma_usart1_rx.Init.BaudRate      = baud;
      |                          ^
../src/hw/core/uart.c:90:26: error: 'DMA_InitTypeDef' has no member named 'WordLength'
   90 |       hdma_usart1_rx.Init.WordLength    = UART_WORDLENGTH_8B;
      |                          ^
../src/hw/core/uart.c:91:26: error: 'DMA_InitTypeDef' has no member named 'StopBits'
   91 |       hdma_usart1_rx.Init.StopBits      = UART_STOPBITS_1;
      |                          ^
../src/hw/core/uart.c:92:27: error: 'DMA_InitTypeDef' has no member named 'Parity'; did you mean 'Priority'?
   92 |       hdma_usart1_rx.Init.Parity        = UART_PARITY_NONE;
      |                           ^~~~~~
      |                           Priority
../src/hw/core/uart.c:94:26: error: 'DMA_InitTypeDef' has no member named 'HwFlowCtl'
   94 |       hdma_usart1_rx.Init.HwFlowCtl     = UART_HWCONTROL_NONE;
      |                          ^
../src/hw/core/uart.c:95:26: error: 'DMA_InitTypeDef' has no member named 'OverSampling'
   95 |       hdma_usart1_rx.Init.OverSampling  = UART_OVERSAMPLING_16;
      |                          ^
make: *** [src/hw/core/subdir.mk:31: src/hw/core/uart.o] Error 1
"make -j16 all" terminated with exit code 2. Build might be incomplete.
23:16:57 **** Incremental Build of configuration Debug for project 06_uart_cubemx ****
make -j16 all 
arm-none-eabi-gcc "../src/hw/core/uart.c" -mcpu=cortex-m4 -std=gnu11 -g3 -DSTM32F407xx -c -I"D:/git/stm32f407vgt6/stm32f407vgt6_fw/06_uart_cubemx/src/lib/stm32f407vgt6_cube/Drivers/CMSIS/Device/ST/STM32F4xx/Include" -I"D:/git/stm32f407vgt6/stm32f407vgt6_fw/06_uart_cubemx/src/lib/stm32f407vgt6_cube/Drivers/CMSIS/Include" -I"D:/git/stm32f407vgt6/stm32f407vgt6_fw/06_uart_cubemx/src" -I"D:/git/stm32f407vgt6/stm32f407vgt6_fw/06_uart_cubemx/src/lib/stm32f407vgt6_cube/Drivers/STM32F4xx_HAL_Driver/Inc" -I"D:/git/stm32f407vgt6/stm32f407vgt6_fw/06_uart_cubemx/src/ap" -I"D:/git/stm32f407vgt6/stm32f407vgt6_fw/06_uart_cubemx/src/bsp" -I"D:/git/stm32f407vgt6/stm32f407vgt6_fw/06_uart_cubemx/src/common" -I"D:/git/stm32f407vgt6/stm32f407vgt6_fw/06_uart_cubemx/src/hw" -I"D:/git/stm32f407vgt6/stm32f407vgt6_fw/06_uart_cubemx/src/bsp/ldscript" -I"D:/git/stm32f407vgt6/stm32f407vgt6_fw/06_uart_cubemx/src/bsp/startup" -I"D:/git/stm32f407vgt6/stm32f407vgt6_fw/06_uart_cubemx/src/common/include" -I"D:/git/stm32f407vgt6/stm32f407vgt6_fw/06_uart_cubemx/src/common/core" -O0 -ffunction-sections -fdata-sections -Wall -fstack-usage -fcyclomatic-complexity -MMD -MP -MF"src/hw/core/uart.d" -MT"src/hw/core/uart.o" --specs=nano.specs -mfloat-abi=soft -mthumb -o "src/hw/core/uart.o"
arm-none-eabi-gcc -o "06_uart_cubemx.elf" @"objects.list"   -mcpu=cortex-m4 -T"D:\git\stm32f407vgt6\stm32f407vgt6_fw\06_uart_cubemx\src\bsp\ldscript\STM32F407VGTX_FLASH.ld" --specs=nosys.specs -Wl,-Map="06_uart_cubemx.map" -Wl,--gc-sections -static --specs=nano.specs -mfloat-abi=soft -mthumb -Wl,--start-group -lc -lm -Wl,--end-group
Finished building target: 06_uart_cubemx.elf
 
arm-none-eabi-size   06_uart_cubemx.elf 
arm-none-eabi-objdump -h -S  06_uart_cubemx.elf  > "06_uart_cubemx.list"
arm-none-eabi-objcopy  -O ihex  06_uart_cubemx.elf  "06_uart_cubemx.hex"
   text	   data	    bss	    dec	    hex	filename
  19964	    216	   2648	  22828	   592c	06_uart_cubemx.elf
arm-none-eabi-objcopy  -O binary  06_uart_cubemx.elf  "06_uart_cubemx.bin"
Finished building: default.size.stdout
 
Finished building: 06_uart_cubemx.hex
Finished building: 06_uart_cubemx.bin
 
 
Finished building: 06_uart_cubemx.list
 
23:17:45 **** Incremental Build of configuration Debug for project 06_uart_cubemx ****
make -j16 all 
arm-none-eabi-gcc "../src/hw/core/uart.c" -mcpu=cortex-m4 -std=gnu11 -g3 -DSTM32F407xx -c -I"D:/git/stm32f407vgt6/stm32f407vgt6_fw/06_uart_cubemx/src/lib/stm32f407vgt6_cube/Drivers/CMSIS/Device/ST/STM32F4xx/Include" -I"D:/git/stm32f407vgt6/stm32f407vgt6_fw/06_uart_cubemx/src/lib/stm32f407vgt6_cube/Drivers/CMSIS/Include" -I"D:/git/stm32f407vgt6/stm32f407vgt6_fw/06_uart_cubemx/src" -I"D:/git/stm32f407vgt6/stm32f407vgt6_fw/06_uart_cubemx/src/lib/stm32f407vgt6_cube/Drivers/STM32F4xx_HAL_Driver/Inc" -I"D:/git/stm32f407vgt6/stm32f407vgt6_fw/06_uart_cubemx/src/ap" -I"D:/git/stm32f407vgt6/stm32f407vgt6_fw/06_uart_cubemx/src/bsp" -I"D:/git/stm32f407vgt6/stm32f407vgt6_fw/06_uart_cubemx/src/common" -I"D:/git/stm32f407vgt6/stm32f407vgt6_fw/06_uart_cubemx/src/hw" -I"D:/git/stm32f407vgt6/stm32f407vgt6_fw/06_uart_cubemx/src/bsp/ldscript" -I"D:/git/stm32f407vgt6/stm32f407vgt6_fw/06_uart_cubemx/src/bsp/startup" -I"D:/git/stm32f407vgt6/stm32f407vgt6_fw/06_uart_cubemx/src/common/include" -I"D:/git/stm32f407vgt6/stm32f407vgt6_fw/06_uart_cubemx/src/common/core" -O0 -ffunction-sections -fdata-sections -Wall -fstack-usage -fcyclomatic-complexity -MMD -MP -MF"src/hw/core/uart.d" -MT"src/hw/core/uart.o" --specs=nano.specs -mfloat-abi=soft -mthumb -o "src/hw/core/uart.o"
arm-none-eabi-gcc -o "06_uart_cubemx.elf" @"objects.list"   -mcpu=cortex-m4 -T"D:\git\stm32f407vgt6\stm32f407vgt6_fw\06_uart_cubemx\src\bsp\ldscript\STM32F407VGTX_FLASH.ld" --specs=nosys.specs -Wl,-Map="06_uart_cubemx.map" -Wl,--gc-sections -static --specs=nano.specs -mfloat-abi=soft -mthumb -Wl,--start-group -lc -lm -Wl,--end-group
Finished building target: 06_uart_cubemx.elf
 
arm-none-eabi-size   06_uart_cubemx.elf 
arm-none-eabi-objdump -h -S  06_uart_cubemx.elf  > "06_uart_cubemx.list"
arm-none-eabi-objcopy  -O ihex  06_uart_cubemx.elf  "06_uart_cubemx.hex"
   text	   data	    bss	    dec	    hex	filename
  19948	    216	   2648	  22812	   591c	06_uart_cubemx.elf
arm-none-eabi-objcopy  -O binary  06_uart_cubemx.elf  "06_uart_cubemx.bin"
Finished building: default.size.stdout
 
Finished building: 06_uart_cubemx.hex
Finished building: 06_uart_cubemx.bin
 
 
Finished building: 06_uart_cubemx.list
 
23:17:53 **** Incremental Build of configuration Debug for project 06_uart_cubemx ****
make -j16 all 
arm-none-eabi-size   06_uart_cubemx.elf 
   text	   data	    bss	    dec	    hex	filename
  19948	    216	   2648	  22812	   591c	06_uart_cubemx.elf
Finished building: default.size.stdout
 
23:17:56 **** Incremental Build of configuration Debug for project 06_uart_cubemx ****
make -j16 all 
arm-none-eabi-size   06_uart_cubemx.elf 
   text	   data	    bss	    dec	    hex	filename
  19948	    216	   2648	  22812	   591c	06_uart_cubemx.elf
Finished building: default.size.stdout
 
23:18:58 **** Incremental Build of configuration Debug for project 06_uart_cubemx ****
make -j16 all 
arm-none-eabi-size   06_uart_cubemx.elf 
   text	   data	    bss	    dec	    hex	filename
  19948	    216	   2648	  22812	   591c	06_uart_cubemx.elf
Finished building: default.size.stdout
 
23:19:48 **** Incremental Build of configuration Debug for project 06_uart_cubemx ****
make -j16 all 
arm-none-eabi-size   06_uart_cubemx.elf 
   text	   data	    bss	    dec	    hex	filename
  19948	    216	   2648	  22812	   591c	06_uart_cubemx.elf
Finished building: default.size.stdout
 
23:23:16 **** Incremental Build of configuration Debug for project 06_uart_cubemx ****
make -j16 all 
arm-none-eabi-gcc "../src/hw/core/uart.c" -mcpu=cortex-m4 -std=gnu11 -g3 -DSTM32F407xx -c -I"D:/git/stm32f407vgt6/stm32f407vgt6_fw/06_uart_cubemx/src/lib/stm32f407vgt6_cube/Drivers/CMSIS/Device/ST/STM32F4xx/Include" -I"D:/git/stm32f407vgt6/stm32f407vgt6_fw/06_uart_cubemx/src/lib/stm32f407vgt6_cube/Drivers/CMSIS/Include" -I"D:/git/stm32f407vgt6/stm32f407vgt6_fw/06_uart_cubemx/src" -I"D:/git/stm32f407vgt6/stm32f407vgt6_fw/06_uart_cubemx/src/lib/stm32f407vgt6_cube/Drivers/STM32F4xx_HAL_Driver/Inc" -I"D:/git/stm32f407vgt6/stm32f407vgt6_fw/06_uart_cubemx/src/ap" -I"D:/git/stm32f407vgt6/stm32f407vgt6_fw/06_uart_cubemx/src/bsp" -I"D:/git/stm32f407vgt6/stm32f407vgt6_fw/06_uart_cubemx/src/common" -I"D:/git/stm32f407vgt6/stm32f407vgt6_fw/06_uart_cubemx/src/hw" -I"D:/git/stm32f407vgt6/stm32f407vgt6_fw/06_uart_cubemx/src/bsp/ldscript" -I"D:/git/stm32f407vgt6/stm32f407vgt6_fw/06_uart_cubemx/src/bsp/startup" -I"D:/git/stm32f407vgt6/stm32f407vgt6_fw/06_uart_cubemx/src/common/include" -I"D:/git/stm32f407vgt6/stm32f407vgt6_fw/06_uart_cubemx/src/common/core" -O0 -ffunction-sections -fdata-sections -Wall -fstack-usage -fcyclomatic-complexity -MMD -MP -MF"src/hw/core/uart.d" -MT"src/hw/core/uart.o" --specs=nano.specs -mfloat-abi=soft -mthumb -o "src/hw/core/uart.o"
arm-none-eabi-gcc -o "06_uart_cubemx.elf" @"objects.list"   -mcpu=cortex-m4 -T"D:\git\stm32f407vgt6\stm32f407vgt6_fw\06_uart_cubemx\src\bsp\ldscript\STM32F407VGTX_FLASH.ld" --specs=nosys.specs -Wl,-Map="06_uart_cubemx.map" -Wl,--gc-sections -static --specs=nano.specs -mfloat-abi=soft -mthumb -Wl,--start-group -lc -lm -Wl,--end-group
Finished building target: 06_uart_cubemx.elf
 
arm-none-eabi-size   06_uart_cubemx.elf 
arm-none-eabi-objdump -h -S  06_uart_cubemx.elf  > "06_uart_cubemx.list"
arm-none-eabi-objcopy  -O ihex  06_uart_cubemx.elf  "06_uart_cubemx.hex"
   text	   data	    bss	    dec	    hex	filename
  20912	    216	   2648	  23776	   5ce0	06_uart_cubemx.elf
arm-none-eabi-objcopy  -O binary  06_uart_cubemx.elf  "06_uart_cubemx.bin"
Finished building: default.size.stdout
 
Finished building: 06_uart_cubemx.hex
Finished building: 06_uart_cubemx.bin
 
 
Finished building: 06_uart_cubemx.list
 
23:23:19 **** Incremental Build of configuration Debug for project 06_uart_cubemx ****
make -j16 all 
arm-none-eabi-size   06_uart_cubemx.elf 
   text	   data	    bss	    dec	    hex	filename
  20912	    216	   2648	  23776	   5ce0	06_uart_cubemx.elf
Finished building: default.size.stdout
 
23:25:17 **** Incremental Build of configuration Debug for project 06_uart_cubemx ****
make -j16 all 
arm-none-eabi-size   06_uart_cubemx.elf 
   text	   data	    bss	    dec	    hex	filename
  20912	    216	   2648	  23776	   5ce0	06_uart_cubemx.elf
Finished building: default.size.stdout
 
23:26:49 **** Incremental Build of configuration Debug for project 06_uart_cubemx ****
make -j16 all 
arm-none-eabi-size   06_uart_cubemx.elf 
   text	   data	    bss	    dec	    hex	filename
  20912	    216	   2648	  23776	   5ce0	06_uart_cubemx.elf
Finished building: default.size.stdout
 
23:27:26 **** Incremental Build of configuration Debug for project 06_uart_cubemx ****
make -j16 all 
arm-none-eabi-size   06_uart_cubemx.elf 
   text	   data	    bss	    dec	    hex	filename
  20912	    216	   2648	  23776	   5ce0	06_uart_cubemx.elf
Finished building: default.size.stdout
 
23:57:49 **** Incremental Build of configuration Debug for project 06_uart_cubemx ****
make -j16 all 
arm-none-eabi-gcc "../src/hw/core/uart.c" -mcpu=cortex-m4 -std=gnu11 -g3 -DSTM32F407xx -c -I"D:/git/stm32f407vgt6/stm32f407vgt6_fw/06_uart_cubemx/src/lib/stm32f407vgt6_cube/Drivers/CMSIS/Device/ST/STM32F4xx/Include" -I"D:/git/stm32f407vgt6/stm32f407vgt6_fw/06_uart_cubemx/src/lib/stm32f407vgt6_cube/Drivers/CMSIS/Include" -I"D:/git/stm32f407vgt6/stm32f407vgt6_fw/06_uart_cubemx/src" -I"D:/git/stm32f407vgt6/stm32f407vgt6_fw/06_uart_cubemx/src/lib/stm32f407vgt6_cube/Drivers/STM32F4xx_HAL_Driver/Inc" -I"D:/git/stm32f407vgt6/stm32f407vgt6_fw/06_uart_cubemx/src/ap" -I"D:/git/stm32f407vgt6/stm32f407vgt6_fw/06_uart_cubemx/src/bsp" -I"D:/git/stm32f407vgt6/stm32f407vgt6_fw/06_uart_cubemx/src/common" -I"D:/git/stm32f407vgt6/stm32f407vgt6_fw/06_uart_cubemx/src/hw" -I"D:/git/stm32f407vgt6/stm32f407vgt6_fw/06_uart_cubemx/src/bsp/ldscript" -I"D:/git/stm32f407vgt6/stm32f407vgt6_fw/06_uart_cubemx/src/bsp/startup" -I"D:/git/stm32f407vgt6/stm32f407vgt6_fw/06_uart_cubemx/src/common/include" -I"D:/git/stm32f407vgt6/stm32f407vgt6_fw/06_uart_cubemx/src/common/core" -O0 -ffunction-sections -fdata-sections -Wall -fstack-usage -fcyclomatic-complexity -MMD -MP -MF"src/hw/core/uart.d" -MT"src/hw/core/uart.o" --specs=nano.specs -mfloat-abi=soft -mthumb -o "src/hw/core/uart.o"
arm-none-eabi-gcc -o "06_uart_cubemx.elf" @"objects.list"   -mcpu=cortex-m4 -T"D:\git\stm32f407vgt6\stm32f407vgt6_fw\06_uart_cubemx\src\bsp\ldscript\STM32F407VGTX_FLASH.ld" --specs=nosys.specs -Wl,-Map="06_uart_cubemx.map" -Wl,--gc-sections -static --specs=nano.specs -mfloat-abi=soft -mthumb -Wl,--start-group -lc -lm -Wl,--end-group
Finished building target: 06_uart_cubemx.elf
 
arm-none-eabi-size   06_uart_cubemx.elf 
arm-none-eabi-objdump -h -S  06_uart_cubemx.elf  > "06_uart_cubemx.list"
arm-none-eabi-objcopy  -O ihex  06_uart_cubemx.elf  "06_uart_cubemx.hex"
arm-none-eabi-objcopy  -O binary  06_uart_cubemx.elf  "06_uart_cubemx.bin"
   text	   data	    bss	    dec	    hex	filename
  20916	    216	   2648	  23780	   5ce4	06_uart_cubemx.elf
Finished building: default.size.stdout
 
Finished building: 06_uart_cubemx.hex
Finished building: 06_uart_cubemx.bin
 
 
Finished building: 06_uart_cubemx.list
 
23:59:38 **** Incremental Build of configuration Debug for project 06_uart_cubemx ****
make -j16 all 
arm-none-eabi-size   06_uart_cubemx.elf 
   text	   data	    bss	    dec	    hex	filename
  20916	    216	   2648	  23780	   5ce4	06_uart_cubemx.elf
Finished building: default.size.stdout
 
00:02:32 **** Incremental Build of configuration Debug for project 06_uart_cubemx ****
make -j16 all 
arm-none-eabi-gcc "../src/hw/core/uart.c" -mcpu=cortex-m4 -std=gnu11 -g3 -DSTM32F407xx -c -I"D:/git/stm32f407vgt6/stm32f407vgt6_fw/06_uart_cubemx/src/lib/stm32f407vgt6_cube/Drivers/CMSIS/Device/ST/STM32F4xx/Include" -I"D:/git/stm32f407vgt6/stm32f407vgt6_fw/06_uart_cubemx/src/lib/stm32f407vgt6_cube/Drivers/CMSIS/Include" -I"D:/git/stm32f407vgt6/stm32f407vgt6_fw/06_uart_cubemx/src" -I"D:/git/stm32f407vgt6/stm32f407vgt6_fw/06_uart_cubemx/src/lib/stm32f407vgt6_cube/Drivers/STM32F4xx_HAL_Driver/Inc" -I"D:/git/stm32f407vgt6/stm32f407vgt6_fw/06_uart_cubemx/src/ap" -I"D:/git/stm32f407vgt6/stm32f407vgt6_fw/06_uart_cubemx/src/bsp" -I"D:/git/stm32f407vgt6/stm32f407vgt6_fw/06_uart_cubemx/src/common" -I"D:/git/stm32f407vgt6/stm32f407vgt6_fw/06_uart_cubemx/src/hw" -I"D:/git/stm32f407vgt6/stm32f407vgt6_fw/06_uart_cubemx/src/bsp/ldscript" -I"D:/git/stm32f407vgt6/stm32f407vgt6_fw/06_uart_cubemx/src/bsp/startup" -I"D:/git/stm32f407vgt6/stm32f407vgt6_fw/06_uart_cubemx/src/common/include" -I"D:/git/stm32f407vgt6/stm32f407vgt6_fw/06_uart_cubemx/src/common/core" -O0 -ffunction-sections -fdata-sections -Wall -fstack-usage -fcyclomatic-complexity -MMD -MP -MF"src/hw/core/uart.d" -MT"src/hw/core/uart.o" --specs=nano.specs -mfloat-abi=soft -mthumb -o "src/hw/core/uart.o"
../src/hw/core/uart.c: In function 'uartAvailable':
../src/hw/core/uart.c:188:34: error: expected ';' before 'ret'
  188 |     hdma_usart1_rx.Instance->NDTR
      |                                  ^
      |                                  ;
  189 |     ret = qbufferAvailable(&qbuffer[ch]);
      |     ~~~                           
make: *** [src/hw/core/subdir.mk:31: src/hw/core/uart.o] Error 1
"make -j16 all" terminated with exit code 2. Build might be incomplete.
00:02:38 **** Incremental Build of configuration Debug for project 06_uart_cubemx ****
make -j16 all 
arm-none-eabi-gcc "../src/hw/core/uart.c" -mcpu=cortex-m4 -std=gnu11 -g3 -DSTM32F407xx -c -I"D:/git/stm32f407vgt6/stm32f407vgt6_fw/06_uart_cubemx/src/lib/stm32f407vgt6_cube/Drivers/CMSIS/Device/ST/STM32F4xx/Include" -I"D:/git/stm32f407vgt6/stm32f407vgt6_fw/06_uart_cubemx/src/lib/stm32f407vgt6_cube/Drivers/CMSIS/Include" -I"D:/git/stm32f407vgt6/stm32f407vgt6_fw/06_uart_cubemx/src" -I"D:/git/stm32f407vgt6/stm32f407vgt6_fw/06_uart_cubemx/src/lib/stm32f407vgt6_cube/Drivers/STM32F4xx_HAL_Driver/Inc" -I"D:/git/stm32f407vgt6/stm32f407vgt6_fw/06_uart_cubemx/src/ap" -I"D:/git/stm32f407vgt6/stm32f407vgt6_fw/06_uart_cubemx/src/bsp" -I"D:/git/stm32f407vgt6/stm32f407vgt6_fw/06_uart_cubemx/src/common" -I"D:/git/stm32f407vgt6/stm32f407vgt6_fw/06_uart_cubemx/src/hw" -I"D:/git/stm32f407vgt6/stm32f407vgt6_fw/06_uart_cubemx/src/bsp/ldscript" -I"D:/git/stm32f407vgt6/stm32f407vgt6_fw/06_uart_cubemx/src/bsp/startup" -I"D:/git/stm32f407vgt6/stm32f407vgt6_fw/06_uart_cubemx/src/common/include" -I"D:/git/stm32f407vgt6/stm32f407vgt6_fw/06_uart_cubemx/src/common/core" -O0 -ffunction-sections -fdata-sections -Wall -fstack-usage -fcyclomatic-complexity -MMD -MP -MF"src/hw/core/uart.d" -MT"src/hw/core/uart.o" --specs=nano.specs -mfloat-abi=soft -mthumb -o "src/hw/core/uart.o"
arm-none-eabi-gcc -o "06_uart_cubemx.elf" @"objects.list"   -mcpu=cortex-m4 -T"D:\git\stm32f407vgt6\stm32f407vgt6_fw\06_uart_cubemx\src\bsp\ldscript\STM32F407VGTX_FLASH.ld" --specs=nosys.specs -Wl,-Map="06_uart_cubemx.map" -Wl,--gc-sections -static --specs=nano.specs -mfloat-abi=soft -mthumb -Wl,--start-group -lc -lm -Wl,--end-group
Finished building target: 06_uart_cubemx.elf
 
arm-none-eabi-size   06_uart_cubemx.elf 
arm-none-eabi-objdump -h -S  06_uart_cubemx.elf  > "06_uart_cubemx.list"
arm-none-eabi-objcopy  -O ihex  06_uart_cubemx.elf  "06_uart_cubemx.hex"
   text	   data	    bss	    dec	    hex	filename
  20892	    216	   2648	  23756	   5ccc	06_uart_cubemx.elf
arm-none-eabi-objcopy  -O binary  06_uart_cubemx.elf  "06_uart_cubemx.bin"
Finished building: default.size.stdout
 
Finished building: 06_uart_cubemx.hex
Finished building: 06_uart_cubemx.bin
 
 
Finished building: 06_uart_cubemx.list
 
00:02:46 **** Incremental Build of configuration Debug for project 06_uart_cubemx ****
make -j16 all 
arm-none-eabi-size   06_uart_cubemx.elf 
   text	   data	    bss	    dec	    hex	filename
  20892	    216	   2648	  23756	   5ccc	06_uart_cubemx.elf
Finished building: default.size.stdout
 
00:04:43 **** Incremental Build of configuration Debug for project 06_uart_cubemx ****
make -j16 all 
arm-none-eabi-gcc "../src/hw/core/uart.c" -mcpu=cortex-m4 -std=gnu11 -g3 -DSTM32F407xx -c -I"D:/git/stm32f407vgt6/stm32f407vgt6_fw/06_uart_cubemx/src/lib/stm32f407vgt6_cube/Drivers/CMSIS/Device/ST/STM32F4xx/Include" -I"D:/git/stm32f407vgt6/stm32f407vgt6_fw/06_uart_cubemx/src/lib/stm32f407vgt6_cube/Drivers/CMSIS/Include" -I"D:/git/stm32f407vgt6/stm32f407vgt6_fw/06_uart_cubemx/src" -I"D:/git/stm32f407vgt6/stm32f407vgt6_fw/06_uart_cubemx/src/lib/stm32f407vgt6_cube/Drivers/STM32F4xx_HAL_Driver/Inc" -I"D:/git/stm32f407vgt6/stm32f407vgt6_fw/06_uart_cubemx/src/ap" -I"D:/git/stm32f407vgt6/stm32f407vgt6_fw/06_uart_cubemx/src/bsp" -I"D:/git/stm32f407vgt6/stm32f407vgt6_fw/06_uart_cubemx/src/common" -I"D:/git/stm32f407vgt6/stm32f407vgt6_fw/06_uart_cubemx/src/hw" -I"D:/git/stm32f407vgt6/stm32f407vgt6_fw/06_uart_cubemx/src/bsp/ldscript" -I"D:/git/stm32f407vgt6/stm32f407vgt6_fw/06_uart_cubemx/src/bsp/startup" -I"D:/git/stm32f407vgt6/stm32f407vgt6_fw/06_uart_cubemx/src/common/include" -I"D:/git/stm32f407vgt6/stm32f407vgt6_fw/06_uart_cubemx/src/common/core" -O0 -ffunction-sections -fdata-sections -Wall -fstack-usage -fcyclomatic-complexity -MMD -MP -MF"src/hw/core/uart.d" -MT"src/hw/core/uart.o" --specs=nano.specs -mfloat-abi=soft -mthumb -o "src/hw/core/uart.o"
arm-none-eabi-gcc -o "06_uart_cubemx.elf" @"objects.list"   -mcpu=cortex-m4 -T"D:\git\stm32f407vgt6\stm32f407vgt6_fw\06_uart_cubemx\src\bsp\ldscript\STM32F407VGTX_FLASH.ld" --specs=nosys.specs -Wl,-Map="06_uart_cubemx.map" -Wl,--gc-sections -static --specs=nano.specs -mfloat-abi=soft -mthumb -Wl,--start-group -lc -lm -Wl,--end-group
Finished building target: 06_uart_cubemx.elf
 
arm-none-eabi-size   06_uart_cubemx.elf 
arm-none-eabi-objdump -h -S  06_uart_cubemx.elf  > "06_uart_cubemx.list"
arm-none-eabi-objcopy  -O ihex  06_uart_cubemx.elf  "06_uart_cubemx.hex"
   text	   data	    bss	    dec	    hex	filename
  20916	    216	   2648	  23780	   5ce4	06_uart_cubemx.elf
arm-none-eabi-objcopy  -O binary  06_uart_cubemx.elf  "06_uart_cubemx.bin"
Finished building: default.size.stdout
 
Finished building: 06_uart_cubemx.hex
Finished building: 06_uart_cubemx.bin
 
 
Finished building: 06_uart_cubemx.list
 
00:04:47 **** Incremental Build of configuration Debug for project 06_uart_cubemx ****
make -j16 all 
arm-none-eabi-size   06_uart_cubemx.elf 
   text	   data	    bss	    dec	    hex	filename
  20916	    216	   2648	  23780	   5ce4	06_uart_cubemx.elf
Finished building: default.size.stdout
 
00:06:57 **** Incremental Build of configuration Debug for project 06_uart_cubemx ****
make -j16 all 
arm-none-eabi-gcc "../src/hw/core/uart.c" -mcpu=cortex-m4 -std=gnu11 -g3 -DSTM32F407xx -c -I"D:/git/stm32f407vgt6/stm32f407vgt6_fw/06_uart_cubemx/src/lib/stm32f407vgt6_cube/Drivers/CMSIS/Device/ST/STM32F4xx/Include" -I"D:/git/stm32f407vgt6/stm32f407vgt6_fw/06_uart_cubemx/src/lib/stm32f407vgt6_cube/Drivers/CMSIS/Include" -I"D:/git/stm32f407vgt6/stm32f407vgt6_fw/06_uart_cubemx/src" -I"D:/git/stm32f407vgt6/stm32f407vgt6_fw/06_uart_cubemx/src/lib/stm32f407vgt6_cube/Drivers/STM32F4xx_HAL_Driver/Inc" -I"D:/git/stm32f407vgt6/stm32f407vgt6_fw/06_uart_cubemx/src/ap" -I"D:/git/stm32f407vgt6/stm32f407vgt6_fw/06_uart_cubemx/src/bsp" -I"D:/git/stm32f407vgt6/stm32f407vgt6_fw/06_uart_cubemx/src/common" -I"D:/git/stm32f407vgt6/stm32f407vgt6_fw/06_uart_cubemx/src/hw" -I"D:/git/stm32f407vgt6/stm32f407vgt6_fw/06_uart_cubemx/src/bsp/ldscript" -I"D:/git/stm32f407vgt6/stm32f407vgt6_fw/06_uart_cubemx/src/bsp/startup" -I"D:/git/stm32f407vgt6/stm32f407vgt6_fw/06_uart_cubemx/src/common/include" -I"D:/git/stm32f407vgt6/stm32f407vgt6_fw/06_uart_cubemx/src/common/core" -O0 -ffunction-sections -fdata-sections -Wall -fstack-usage -fcyclomatic-complexity -MMD -MP -MF"src/hw/core/uart.d" -MT"src/hw/core/uart.o" --specs=nano.specs -mfloat-abi=soft -mthumb -o "src/hw/core/uart.o"
../src/hw/core/uart.c: In function 'uartRead':
../src/hw/core/uart.c:256:12: warning: variable 'p_uart' set but not used [-Wunused-but-set-variable]
  256 |   uart_t  *p_uart;
      |            ^~~~~~
arm-none-eabi-gcc -o "06_uart_cubemx.elf" @"objects.list"   -mcpu=cortex-m4 -T"D:\git\stm32f407vgt6\stm32f407vgt6_fw\06_uart_cubemx\src\bsp\ldscript\STM32F407VGTX_FLASH.ld" --specs=nosys.specs -Wl,-Map="06_uart_cubemx.map" -Wl,--gc-sections -static --specs=nano.specs -mfloat-abi=soft -mthumb -Wl,--start-group -lc -lm -Wl,--end-group
Finished building target: 06_uart_cubemx.elf
 
arm-none-eabi-size   06_uart_cubemx.elf 
arm-none-eabi-objdump -h -S  06_uart_cubemx.elf  > "06_uart_cubemx.list"
arm-none-eabi-objcopy  -O ihex  06_uart_cubemx.elf  "06_uart_cubemx.hex"
   text	   data	    bss	    dec	    hex	filename
  20924	    216	   2648	  23788	   5cec	06_uart_cubemx.elf
arm-none-eabi-objcopy  -O binary  06_uart_cubemx.elf  "06_uart_cubemx.bin"
Finished building: default.size.stdout
 
Finished building: 06_uart_cubemx.hex
Finished building: 06_uart_cubemx.bin
 
 
Finished building: 06_uart_cubemx.list
 
00:07:01 **** Incremental Build of configuration Debug for project 06_uart_cubemx ****
make -j16 all 
arm-none-eabi-size   06_uart_cubemx.elf 
   text	   data	    bss	    dec	    hex	filename
  20924	    216	   2648	  23788	   5cec	06_uart_cubemx.elf
Finished building: default.size.stdout
 
00:30:02 **** Incremental Build of configuration Debug for project 06_uart_cubemx ****
make -j16 all 
arm-none-eabi-gcc "../src/hw/core/uart.c" -mcpu=cortex-m4 -std=gnu11 -g3 -DSTM32F407xx -c -I"D:/git/stm32f407vgt6/stm32f407vgt6_fw/06_uart_cubemx/src/lib/stm32f407vgt6_cube/Drivers/CMSIS/Device/ST/STM32F4xx/Include" -I"D:/git/stm32f407vgt6/stm32f407vgt6_fw/06_uart_cubemx/src/lib/stm32f407vgt6_cube/Drivers/CMSIS/Include" -I"D:/git/stm32f407vgt6/stm32f407vgt6_fw/06_uart_cubemx/src" -I"D:/git/stm32f407vgt6/stm32f407vgt6_fw/06_uart_cubemx/src/lib/stm32f407vgt6_cube/Drivers/STM32F4xx_HAL_Driver/Inc" -I"D:/git/stm32f407vgt6/stm32f407vgt6_fw/06_uart_cubemx/src/ap" -I"D:/git/stm32f407vgt6/stm32f407vgt6_fw/06_uart_cubemx/src/bsp" -I"D:/git/stm32f407vgt6/stm32f407vgt6_fw/06_uart_cubemx/src/common" -I"D:/git/stm32f407vgt6/stm32f407vgt6_fw/06_uart_cubemx/src/hw" -I"D:/git/stm32f407vgt6/stm32f407vgt6_fw/06_uart_cubemx/src/bsp/ldscript" -I"D:/git/stm32f407vgt6/stm32f407vgt6_fw/06_uart_cubemx/src/bsp/startup" -I"D:/git/stm32f407vgt6/stm32f407vgt6_fw/06_uart_cubemx/src/common/include" -I"D:/git/stm32f407vgt6/stm32f407vgt6_fw/06_uart_cubemx/src/common/core" -O0 -ffunction-sections -fdata-sections -Wall -fstack-usage -fcyclomatic-complexity -MMD -MP -MF"src/hw/core/uart.d" -MT"src/hw/core/uart.o" --specs=nano.specs -mfloat-abi=soft -mthumb -o "src/hw/core/uart.o"
arm-none-eabi-gcc "../src/common/core/qbuffer.c" -mcpu=cortex-m4 -std=gnu11 -g3 -DSTM32F407xx -c -I"D:/git/stm32f407vgt6/stm32f407vgt6_fw/06_uart_cubemx/src/lib/stm32f407vgt6_cube/Drivers/CMSIS/Device/ST/STM32F4xx/Include" -I"D:/git/stm32f407vgt6/stm32f407vgt6_fw/06_uart_cubemx/src/lib/stm32f407vgt6_cube/Drivers/CMSIS/Include" -I"D:/git/stm32f407vgt6/stm32f407vgt6_fw/06_uart_cubemx/src" -I"D:/git/stm32f407vgt6/stm32f407vgt6_fw/06_uart_cubemx/src/lib/stm32f407vgt6_cube/Drivers/STM32F4xx_HAL_Driver/Inc" -I"D:/git/stm32f407vgt6/stm32f407vgt6_fw/06_uart_cubemx/src/ap" -I"D:/git/stm32f407vgt6/stm32f407vgt6_fw/06_uart_cubemx/src/bsp" -I"D:/git/stm32f407vgt6/stm32f407vgt6_fw/06_uart_cubemx/src/common" -I"D:/git/stm32f407vgt6/stm32f407vgt6_fw/06_uart_cubemx/src/hw" -I"D:/git/stm32f407vgt6/stm32f407vgt6_fw/06_uart_cubemx/src/bsp/ldscript" -I"D:/git/stm32f407vgt6/stm32f407vgt6_fw/06_uart_cubemx/src/bsp/startup" -I"D:/git/stm32f407vgt6/stm32f407vgt6_fw/06_uart_cubemx/src/common/include" -I"D:/git/stm32f407vgt6/stm32f407vgt6_fw/06_uart_cubemx/src/common/core" -O0 -ffunction-sections -fdata-sections -Wall -fstack-usage -fcyclomatic-complexity -MMD -MP -MF"src/common/core/qbuffer.d" -MT"src/common/core/qbuffer.o" --specs=nano.specs -mfloat-abi=soft -mthumb -o "src/common/core/qbuffer.o"
../src/hw/core/uart.c: In function 'uartRead':
../src/hw/core/uart.c:269:1: error: 'a' undeclared (first use in this function)
  269 | a  return ret;
      | ^
../src/hw/core/uart.c:269:1: note: each undeclared identifier is reported only once for each function it appears in
../src/hw/core/uart.c:269:2: error: expected ';' before 'return'
  269 | a  return ret;
      |  ^ ~~~~~~
      |  ;
../src/hw/core/uart.c:256:12: warning: variable 'p_uart' set but not used [-Wunused-but-set-variable]
  256 |   uart_t  *p_uart;
      |            ^~~~~~
../src/hw/core/uart.c:270:1: warning: control reaches end of non-void function [-Wreturn-type]
  270 | }
      | ^
make: *** [src/hw/core/subdir.mk:31: src/hw/core/uart.o] Error 1
make: *** Waiting for unfinished jobs....
"make -j16 all" terminated with exit code 2. Build might be incomplete.
00:30:22 **** Incremental Build of configuration Debug for project 06_uart_cubemx ****
make -j16 all 
arm-none-eabi-gcc "../src/hw/core/uart.c" -mcpu=cortex-m4 -std=gnu11 -g3 -DSTM32F407xx -c -I"D:/git/stm32f407vgt6/stm32f407vgt6_fw/06_uart_cubemx/src/lib/stm32f407vgt6_cube/Drivers/CMSIS/Device/ST/STM32F4xx/Include" -I"D:/git/stm32f407vgt6/stm32f407vgt6_fw/06_uart_cubemx/src/lib/stm32f407vgt6_cube/Drivers/CMSIS/Include" -I"D:/git/stm32f407vgt6/stm32f407vgt6_fw/06_uart_cubemx/src" -I"D:/git/stm32f407vgt6/stm32f407vgt6_fw/06_uart_cubemx/src/lib/stm32f407vgt6_cube/Drivers/STM32F4xx_HAL_Driver/Inc" -I"D:/git/stm32f407vgt6/stm32f407vgt6_fw/06_uart_cubemx/src/ap" -I"D:/git/stm32f407vgt6/stm32f407vgt6_fw/06_uart_cubemx/src/bsp" -I"D:/git/stm32f407vgt6/stm32f407vgt6_fw/06_uart_cubemx/src/common" -I"D:/git/stm32f407vgt6/stm32f407vgt6_fw/06_uart_cubemx/src/hw" -I"D:/git/stm32f407vgt6/stm32f407vgt6_fw/06_uart_cubemx/src/bsp/ldscript" -I"D:/git/stm32f407vgt6/stm32f407vgt6_fw/06_uart_cubemx/src/bsp/startup" -I"D:/git/stm32f407vgt6/stm32f407vgt6_fw/06_uart_cubemx/src/common/include" -I"D:/git/stm32f407vgt6/stm32f407vgt6_fw/06_uart_cubemx/src/common/core" -O0 -ffunction-sections -fdata-sections -Wall -fstack-usage -fcyclomatic-complexity -MMD -MP -MF"src/hw/core/uart.d" -MT"src/hw/core/uart.o" --specs=nano.specs -mfloat-abi=soft -mthumb -o "src/hw/core/uart.o"
../src/hw/core/uart.c: In function 'uartRead':
../src/hw/core/uart.c:256:12: warning: variable 'p_uart' set but not used [-Wunused-but-set-variable]
  256 |   uart_t  *p_uart;
      |            ^~~~~~
arm-none-eabi-gcc -o "06_uart_cubemx.elf" @"objects.list"   -mcpu=cortex-m4 -T"D:\git\stm32f407vgt6\stm32f407vgt6_fw\06_uart_cubemx\src\bsp\ldscript\STM32F407VGTX_FLASH.ld" --specs=nosys.specs -Wl,-Map="06_uart_cubemx.map" -Wl,--gc-sections -static --specs=nano.specs -mfloat-abi=soft -mthumb -Wl,--start-group -lc -lm -Wl,--end-group
Finished building target: 06_uart_cubemx.elf
 
arm-none-eabi-size   06_uart_cubemx.elf 
arm-none-eabi-objdump -h -S  06_uart_cubemx.elf  > "06_uart_cubemx.list"
arm-none-eabi-objcopy  -O ihex  06_uart_cubemx.elf  "06_uart_cubemx.hex"
arm-none-eabi-objcopy  -O binary  06_uart_cubemx.elf  "06_uart_cubemx.bin"
   text	   data	    bss	    dec	    hex	filename
  20912	    216	   2648	  23776	   5ce0	06_uart_cubemx.elf
Finished building: default.size.stdout
 
Finished building: 06_uart_cubemx.hex
Finished building: 06_uart_cubemx.bin
 
 
Finished building: 06_uart_cubemx.list
 
00:30:27 **** Incremental Build of configuration Debug for project 06_uart_cubemx ****
make -j16 all 
arm-none-eabi-size   06_uart_cubemx.elf 
   text	   data	    bss	    dec	    hex	filename
  20912	    216	   2648	  23776	   5ce0	06_uart_cubemx.elf
Finished building: default.size.stdout
 
00:32:58 **** Incremental Build of configuration Debug for project 06_uart_cubemx ****
make -j16 all 
arm-none-eabi-gcc "../src/ap/ap.c" -mcpu=cortex-m4 -std=gnu11 -g3 -DSTM32F407xx -c -I"D:/git/stm32f407vgt6/stm32f407vgt6_fw/06_uart_cubemx/src/lib/stm32f407vgt6_cube/Drivers/CMSIS/Device/ST/STM32F4xx/Include" -I"D:/git/stm32f407vgt6/stm32f407vgt6_fw/06_uart_cubemx/src/lib/stm32f407vgt6_cube/Drivers/CMSIS/Include" -I"D:/git/stm32f407vgt6/stm32f407vgt6_fw/06_uart_cubemx/src" -I"D:/git/stm32f407vgt6/stm32f407vgt6_fw/06_uart_cubemx/src/lib/stm32f407vgt6_cube/Drivers/STM32F4xx_HAL_Driver/Inc" -I"D:/git/stm32f407vgt6/stm32f407vgt6_fw/06_uart_cubemx/src/ap" -I"D:/git/stm32f407vgt6/stm32f407vgt6_fw/06_uart_cubemx/src/bsp" -I"D:/git/stm32f407vgt6/stm32f407vgt6_fw/06_uart_cubemx/src/common" -I"D:/git/stm32f407vgt6/stm32f407vgt6_fw/06_uart_cubemx/src/hw" -I"D:/git/stm32f407vgt6/stm32f407vgt6_fw/06_uart_cubemx/src/bsp/ldscript" -I"D:/git/stm32f407vgt6/stm32f407vgt6_fw/06_uart_cubemx/src/bsp/startup" -I"D:/git/stm32f407vgt6/stm32f407vgt6_fw/06_uart_cubemx/src/common/include" -I"D:/git/stm32f407vgt6/stm32f407vgt6_fw/06_uart_cubemx/src/common/core" -O0 -ffunction-sections -fdata-sections -Wall -fstack-usage -fcyclomatic-complexity -MMD -MP -MF"src/ap/ap.d" -MT"src/ap/ap.o" --specs=nano.specs -mfloat-abi=soft -mthumb -o "src/ap/ap.o"
arm-none-eabi-gcc -o "06_uart_cubemx.elf" @"objects.list"   -mcpu=cortex-m4 -T"D:\git\stm32f407vgt6\stm32f407vgt6_fw\06_uart_cubemx\src\bsp\ldscript\STM32F407VGTX_FLASH.ld" --specs=nosys.specs -Wl,-Map="06_uart_cubemx.map" -Wl,--gc-sections -static --specs=nano.specs -mfloat-abi=soft -mthumb -Wl,--start-group -lc -lm -Wl,--end-group
Finished building target: 06_uart_cubemx.elf
 
arm-none-eabi-size   06_uart_cubemx.elf 
arm-none-eabi-objdump -h -S  06_uart_cubemx.elf  > "06_uart_cubemx.list"
arm-none-eabi-objcopy  -O ihex  06_uart_cubemx.elf  "06_uart_cubemx.hex"
   text	   data	    bss	    dec	    hex	filename
  20940	    216	   2648	  23804	   5cfc	06_uart_cubemx.elf
arm-none-eabi-objcopy  -O binary  06_uart_cubemx.elf  "06_uart_cubemx.bin"
Finished building: default.size.stdout
 
Finished building: 06_uart_cubemx.hex
Finished building: 06_uart_cubemx.bin
 
 
Finished building: 06_uart_cubemx.list
 
00:33:03 **** Incremental Build of configuration Debug for project 06_uart_cubemx ****
make -j16 all 
arm-none-eabi-size   06_uart_cubemx.elf 
   text	   data	    bss	    dec	    hex	filename
  20940	    216	   2648	  23804	   5cfc	06_uart_cubemx.elf
Finished building: default.size.stdout
 
00:33:05 **** Incremental Build of configuration Debug for project 06_uart_cubemx ****
make -j16 all 
arm-none-eabi-size   06_uart_cubemx.elf 
   text	   data	    bss	    dec	    hex	filename
  20940	    216	   2648	  23804	   5cfc	06_uart_cubemx.elf
Finished building: default.size.stdout
 
00:37:59 **** Incremental Build of configuration Debug for project 06_uart_cubemx ****
make -j16 all 
arm-none-eabi-gcc "../src/hw/core/uart.c" -mcpu=cortex-m4 -std=gnu11 -g3 -DSTM32F407xx -c -I"D:/git/stm32f407vgt6/stm32f407vgt6_fw/06_uart_cubemx/src/lib/stm32f407vgt6_cube/Drivers/CMSIS/Device/ST/STM32F4xx/Include" -I"D:/git/stm32f407vgt6/stm32f407vgt6_fw/06_uart_cubemx/src/lib/stm32f407vgt6_cube/Drivers/CMSIS/Include" -I"D:/git/stm32f407vgt6/stm32f407vgt6_fw/06_uart_cubemx/src" -I"D:/git/stm32f407vgt6/stm32f407vgt6_fw/06_uart_cubemx/src/lib/stm32f407vgt6_cube/Drivers/STM32F4xx_HAL_Driver/Inc" -I"D:/git/stm32f407vgt6/stm32f407vgt6_fw/06_uart_cubemx/src/ap" -I"D:/git/stm32f407vgt6/stm32f407vgt6_fw/06_uart_cubemx/src/bsp" -I"D:/git/stm32f407vgt6/stm32f407vgt6_fw/06_uart_cubemx/src/common" -I"D:/git/stm32f407vgt6/stm32f407vgt6_fw/06_uart_cubemx/src/hw" -I"D:/git/stm32f407vgt6/stm32f407vgt6_fw/06_uart_cubemx/src/bsp/ldscript" -I"D:/git/stm32f407vgt6/stm32f407vgt6_fw/06_uart_cubemx/src/bsp/startup" -I"D:/git/stm32f407vgt6/stm32f407vgt6_fw/06_uart_cubemx/src/common/include" -I"D:/git/stm32f407vgt6/stm32f407vgt6_fw/06_uart_cubemx/src/common/core" -O0 -ffunction-sections -fdata-sections -Wall -fstack-usage -fcyclomatic-complexity -MMD -MP -MF"src/hw/core/uart.d" -MT"src/hw/core/uart.o" --specs=nano.specs -mfloat-abi=soft -mthumb -o "src/hw/core/uart.o"
../src/hw/core/uart.c: In function 'uartRead':
../src/hw/core/uart.c:256:12: warning: variable 'p_uart' set but not used [-Wunused-but-set-variable]
  256 |   uart_t  *p_uart;
      |            ^~~~~~
In file included from D:/git/stm32f407vgt6/stm32f407vgt6_fw/06_uart_cubemx/src/common/def.h:15,
                 from D:/git/stm32f407vgt6/stm32f407vgt6_fw/06_uart_cubemx/src/hw/hw_def.h:12,
                 from D:/git/stm32f407vgt6/stm32f407vgt6_fw/06_uart_cubemx/src/common/include/uart.h:11,
                 from ../src/hw/core/uart.c:9:
../src/hw/core/uart.c: In function 'uartPrintf':
../src/hw/core/uart.c:278:12: error: 'arg' undeclared (first use in this function); did you mean 'args'?
  278 |   va_start(arg, fmt);
      |            ^~~
../src/hw/core/uart.c:278:12: note: each undeclared identifier is reported only once for each function it appears in
make: *** [src/hw/core/subdir.mk:31: src/hw/core/uart.o] Error 1
"make -j16 all" terminated with exit code 2. Build might be incomplete.
00:38:09 **** Incremental Build of configuration Debug for project 06_uart_cubemx ****
make -j16 all 
arm-none-eabi-gcc "../src/hw/core/uart.c" -mcpu=cortex-m4 -std=gnu11 -g3 -DSTM32F407xx -c -I"D:/git/stm32f407vgt6/stm32f407vgt6_fw/06_uart_cubemx/src/lib/stm32f407vgt6_cube/Drivers/CMSIS/Device/ST/STM32F4xx/Include" -I"D:/git/stm32f407vgt6/stm32f407vgt6_fw/06_uart_cubemx/src/lib/stm32f407vgt6_cube/Drivers/CMSIS/Include" -I"D:/git/stm32f407vgt6/stm32f407vgt6_fw/06_uart_cubemx/src" -I"D:/git/stm32f407vgt6/stm32f407vgt6_fw/06_uart_cubemx/src/lib/stm32f407vgt6_cube/Drivers/STM32F4xx_HAL_Driver/Inc" -I"D:/git/stm32f407vgt6/stm32f407vgt6_fw/06_uart_cubemx/src/ap" -I"D:/git/stm32f407vgt6/stm32f407vgt6_fw/06_uart_cubemx/src/bsp" -I"D:/git/stm32f407vgt6/stm32f407vgt6_fw/06_uart_cubemx/src/common" -I"D:/git/stm32f407vgt6/stm32f407vgt6_fw/06_uart_cubemx/src/hw" -I"D:/git/stm32f407vgt6/stm32f407vgt6_fw/06_uart_cubemx/src/bsp/ldscript" -I"D:/git/stm32f407vgt6/stm32f407vgt6_fw/06_uart_cubemx/src/bsp/startup" -I"D:/git/stm32f407vgt6/stm32f407vgt6_fw/06_uart_cubemx/src/common/include" -I"D:/git/stm32f407vgt6/stm32f407vgt6_fw/06_uart_cubemx/src/common/core" -O0 -ffunction-sections -fdata-sections -Wall -fstack-usage -fcyclomatic-complexity -MMD -MP -MF"src/hw/core/uart.d" -MT"src/hw/core/uart.o" --specs=nano.specs -mfloat-abi=soft -mthumb -o "src/hw/core/uart.o"
../src/hw/core/uart.c: In function 'uartRead':
../src/hw/core/uart.c:256:12: warning: variable 'p_uart' set but not used [-Wunused-but-set-variable]
  256 |   uart_t  *p_uart;
      |            ^~~~~~
arm-none-eabi-gcc -o "06_uart_cubemx.elf" @"objects.list"   -mcpu=cortex-m4 -T"D:\git\stm32f407vgt6\stm32f407vgt6_fw\06_uart_cubemx\src\bsp\ldscript\STM32F407VGTX_FLASH.ld" --specs=nosys.specs -Wl,-Map="06_uart_cubemx.map" -Wl,--gc-sections -static --specs=nano.specs -mfloat-abi=soft -mthumb -Wl,--start-group -lc -lm -Wl,--end-group
Finished building target: 06_uart_cubemx.elf
 
arm-none-eabi-size   06_uart_cubemx.elf 
arm-none-eabi-objdump -h -S  06_uart_cubemx.elf  > "06_uart_cubemx.list"
arm-none-eabi-objcopy  -O ihex  06_uart_cubemx.elf  "06_uart_cubemx.hex"
   text	   data	    bss	    dec	    hex	filename
  20956	    216	   2648	  23820	   5d0c	06_uart_cubemx.elf
arm-none-eabi-objcopy  -O binary  06_uart_cubemx.elf  "06_uart_cubemx.bin"
Finished building: default.size.stdout
 
Finished building: 06_uart_cubemx.hex
Finished building: 06_uart_cubemx.bin
 
 
Finished building: 06_uart_cubemx.list
 
00:38:14 **** Incremental Build of configuration Debug for project 06_uart_cubemx ****
make -j16 all 
arm-none-eabi-size   06_uart_cubemx.elf 
   text	   data	    bss	    dec	    hex	filename
  20956	    216	   2648	  23820	   5d0c	06_uart_cubemx.elf
Finished building: default.size.stdout
 
00:40:03 **** Incremental Build of configuration Debug for project 06_uart_cubemx ****
make -j16 all 
arm-none-eabi-gcc "../src/hw/core/uart.c" -mcpu=cortex-m4 -std=gnu11 -g3 -DSTM32F407xx -c -I"D:/git/stm32f407vgt6/stm32f407vgt6_fw/06_uart_cubemx/src/lib/stm32f407vgt6_cube/Drivers/CMSIS/Device/ST/STM32F4xx/Include" -I"D:/git/stm32f407vgt6/stm32f407vgt6_fw/06_uart_cubemx/src/lib/stm32f407vgt6_cube/Drivers/CMSIS/Include" -I"D:/git/stm32f407vgt6/stm32f407vgt6_fw/06_uart_cubemx/src" -I"D:/git/stm32f407vgt6/stm32f407vgt6_fw/06_uart_cubemx/src/lib/stm32f407vgt6_cube/Drivers/STM32F4xx_HAL_Driver/Inc" -I"D:/git/stm32f407vgt6/stm32f407vgt6_fw/06_uart_cubemx/src/ap" -I"D:/git/stm32f407vgt6/stm32f407vgt6_fw/06_uart_cubemx/src/bsp" -I"D:/git/stm32f407vgt6/stm32f407vgt6_fw/06_uart_cubemx/src/common" -I"D:/git/stm32f407vgt6/stm32f407vgt6_fw/06_uart_cubemx/src/hw" -I"D:/git/stm32f407vgt6/stm32f407vgt6_fw/06_uart_cubemx/src/bsp/ldscript" -I"D:/git/stm32f407vgt6/stm32f407vgt6_fw/06_uart_cubemx/src/bsp/startup" -I"D:/git/stm32f407vgt6/stm32f407vgt6_fw/06_uart_cubemx/src/common/include" -I"D:/git/stm32f407vgt6/stm32f407vgt6_fw/06_uart_cubemx/src/common/core" -O0 -ffunction-sections -fdata-sections -Wall -fstack-usage -fcyclomatic-complexity -MMD -MP -MF"src/hw/core/uart.d" -MT"src/hw/core/uart.o" --specs=nano.specs -mfloat-abi=soft -mthumb -o "src/hw/core/uart.o"
../src/hw/core/uart.c: In function 'uartRead':
../src/hw/core/uart.c:256:12: warning: variable 'p_uart' set but not used [-Wunused-but-set-variable]
  256 |   uart_t  *p_uart;
      |            ^~~~~~
arm-none-eabi-gcc -o "06_uart_cubemx.elf" @"objects.list"   -mcpu=cortex-m4 -T"D:\git\stm32f407vgt6\stm32f407vgt6_fw\06_uart_cubemx\src\bsp\ldscript\STM32F407VGTX_FLASH.ld" --specs=nosys.specs -Wl,-Map="06_uart_cubemx.map" -Wl,--gc-sections -static --specs=nano.specs -mfloat-abi=soft -mthumb -Wl,--start-group -lc -lm -Wl,--end-group
Finished building target: 06_uart_cubemx.elf
 
arm-none-eabi-size   06_uart_cubemx.elf 
arm-none-eabi-objdump -h -S  06_uart_cubemx.elf  > "06_uart_cubemx.list"
arm-none-eabi-objcopy  -O ihex  06_uart_cubemx.elf  "06_uart_cubemx.hex"
   text	   data	    bss	    dec	    hex	filename
  20956	    216	   2648	  23820	   5d0c	06_uart_cubemx.elf
arm-none-eabi-objcopy  -O binary  06_uart_cubemx.elf  "06_uart_cubemx.bin"
Finished building: default.size.stdout
 
Finished building: 06_uart_cubemx.hex
Finished building: 06_uart_cubemx.bin
 
 
Finished building: 06_uart_cubemx.list
 
00:40:10 **** Incremental Build of configuration Debug for project 06_uart_cubemx ****
make -j16 all 
arm-none-eabi-size   06_uart_cubemx.elf 
   text	   data	    bss	    dec	    hex	filename
  20956	    216	   2648	  23820	   5d0c	06_uart_cubemx.elf
Finished building: default.size.stdout
 
00:40:15 **** Incremental Build of configuration Debug for project 06_uart_cubemx ****
make -j16 all 
arm-none-eabi-size   06_uart_cubemx.elf 
   text	   data	    bss	    dec	    hex	filename
  20956	    216	   2648	  23820	   5d0c	06_uart_cubemx.elf
Finished building: default.size.stdout
 
00:41:20 **** Incremental Build of configuration Debug for project 06_uart_cubemx ****
make -j16 all 
arm-none-eabi-gcc "../src/ap/ap.c" -mcpu=cortex-m4 -std=gnu11 -g3 -DSTM32F407xx -c -I"D:/git/stm32f407vgt6/stm32f407vgt6_fw/06_uart_cubemx/src/lib/stm32f407vgt6_cube/Drivers/CMSIS/Device/ST/STM32F4xx/Include" -I"D:/git/stm32f407vgt6/stm32f407vgt6_fw/06_uart_cubemx/src/lib/stm32f407vgt6_cube/Drivers/CMSIS/Include" -I"D:/git/stm32f407vgt6/stm32f407vgt6_fw/06_uart_cubemx/src" -I"D:/git/stm32f407vgt6/stm32f407vgt6_fw/06_uart_cubemx/src/lib/stm32f407vgt6_cube/Drivers/STM32F4xx_HAL_Driver/Inc" -I"D:/git/stm32f407vgt6/stm32f407vgt6_fw/06_uart_cubemx/src/ap" -I"D:/git/stm32f407vgt6/stm32f407vgt6_fw/06_uart_cubemx/src/bsp" -I"D:/git/stm32f407vgt6/stm32f407vgt6_fw/06_uart_cubemx/src/common" -I"D:/git/stm32f407vgt6/stm32f407vgt6_fw/06_uart_cubemx/src/hw" -I"D:/git/stm32f407vgt6/stm32f407vgt6_fw/06_uart_cubemx/src/bsp/ldscript" -I"D:/git/stm32f407vgt6/stm32f407vgt6_fw/06_uart_cubemx/src/bsp/startup" -I"D:/git/stm32f407vgt6/stm32f407vgt6_fw/06_uart_cubemx/src/common/include" -I"D:/git/stm32f407vgt6/stm32f407vgt6_fw/06_uart_cubemx/src/common/core" -O0 -ffunction-sections -fdata-sections -Wall -fstack-usage -fcyclomatic-complexity -MMD -MP -MF"src/ap/ap.d" -MT"src/ap/ap.o" --specs=nano.specs -mfloat-abi=soft -mthumb -o "src/ap/ap.o"
arm-none-eabi-gcc -o "06_uart_cubemx.elf" @"objects.list"   -mcpu=cortex-m4 -T"D:\git\stm32f407vgt6\stm32f407vgt6_fw\06_uart_cubemx\src\bsp\ldscript\STM32F407VGTX_FLASH.ld" --specs=nosys.specs -Wl,-Map="06_uart_cubemx.map" -Wl,--gc-sections -static --specs=nano.specs -mfloat-abi=soft -mthumb -Wl,--start-group -lc -lm -Wl,--end-group
Finished building target: 06_uart_cubemx.elf
 
arm-none-eabi-size   06_uart_cubemx.elf 
arm-none-eabi-objdump -h -S  06_uart_cubemx.elf  > "06_uart_cubemx.list"
arm-none-eabi-objcopy  -O ihex  06_uart_cubemx.elf  "06_uart_cubemx.hex"
   text	   data	    bss	    dec	    hex	filename
  20960	    216	   2648	  23824	   5d10	06_uart_cubemx.elf
arm-none-eabi-objcopy  -O binary  06_uart_cubemx.elf  "06_uart_cubemx.bin"
Finished building: default.size.stdout
 
Finished building: 06_uart_cubemx.hex
Finished building: 06_uart_cubemx.bin
 
 
Finished building: 06_uart_cubemx.list
 
00:41:29 **** Incremental Build of configuration Debug for project 06_uart_cubemx ****
make -j16 all 
arm-none-eabi-size   06_uart_cubemx.elf 
   text	   data	    bss	    dec	    hex	filename
  20960	    216	   2648	  23824	   5d10	06_uart_cubemx.elf
Finished building: default.size.stdout
 
00:41:31 **** Incremental Build of configuration Debug for project 06_uart_cubemx ****
make -j16 all 
arm-none-eabi-size   06_uart_cubemx.elf 
   text	   data	    bss	    dec	    hex	filename
  20960	    216	   2648	  23824	   5d10	06_uart_cubemx.elf
Finished building: default.size.stdout
 
